<?xml version="1.0" encoding="UTF-8"?>
<!-- Generated by org.testng.reporters.JUnitReportReporter -->
<testsuite hostname="inlen8520028005" failures="0" tests="1" name="testCases.RegisterationDemo" time="3.059" errors="0" timestamp="2024-07-02T11:11:08 IST" skipped="0">
  <testcase classname="testCases.RegisterationDemo" name="verify_registeration" time="3.059"/>
</testsuite> <!-- testCases.RegisterationDemo -->
