<?xml version="1.0" encoding="UTF-8"?>
<!-- Generated by org.testng.reporters.JUnitReportReporter -->
<testsuite hostname="inlen8520028005" failures="0" tests="1" name="testCases.RegisterationDemo" time="2.836" errors="0" timestamp="2024-07-03T10:37:27 IST" skipped="0">
  <testcase classname="testCases.RegisterationDemo" name="verify_registeration" time="2.836"/>
</testsuite> <!-- testCases.RegisterationDemo -->
